h:\csc305\a3\build\_deps\glfw-build\src\cmakefiles\generate.stamp
h:\csc305\a3\build\_deps\glfw-build\src\glfw.dir\debug\glfw.pdb
h:\csc305\a3\build\_deps\glfw-build\src\glfw.dir\debug\osmesa_context.obj
h:\csc305\a3\build\_deps\glfw-build\src\glfw.dir\debug\egl_context.obj
h:\csc305\a3\build\_deps\glfw-build\src\glfw.dir\debug\wgl_context.obj
h:\csc305\a3\build\_deps\glfw-build\src\glfw.dir\debug\win32_window.obj
h:\csc305\a3\build\_deps\glfw-build\src\glfw.dir\debug\win32_thread.obj
h:\csc305\a3\build\_deps\glfw-build\src\glfw.dir\debug\win32_time.obj
h:\csc305\a3\build\_deps\glfw-build\src\glfw.dir\debug\win32_monitor.obj
h:\csc305\a3\build\_deps\glfw-build\src\glfw.dir\debug\win32_joystick.obj
h:\csc305\a3\build\_deps\glfw-build\src\glfw.dir\debug\win32_init.obj
h:\csc305\a3\build\_deps\glfw-build\src\glfw.dir\debug\window.obj
h:\csc305\a3\build\_deps\glfw-build\src\glfw.dir\debug\vulkan.obj
h:\csc305\a3\build\_deps\glfw-build\src\glfw.dir\debug\monitor.obj
h:\csc305\a3\build\_deps\glfw-build\src\glfw.dir\debug\input.obj
h:\csc305\a3\build\_deps\glfw-build\src\glfw.dir\debug\init.obj
h:\csc305\a3\build\_deps\glfw-build\src\glfw.dir\debug\context.obj
h:\csc305\a3\build\_deps\glfw-build\src\debug\glfw3.lib
h:\csc305\a3\build\_deps\glfw-build\src\glfw.dir\debug\glfw.tlog\custombuild.command.1.tlog
h:\csc305\a3\build\_deps\glfw-build\src\glfw.dir\debug\glfw.tlog\custombuild.read.1.tlog
h:\csc305\a3\build\_deps\glfw-build\src\glfw.dir\debug\glfw.tlog\custombuild.write.1.tlog
h:\csc305\a3\build\_deps\glfw-build\src\glfw.dir\debug\glfw.tlog\cl.read.1.tlog
h:\csc305\a3\build\_deps\glfw-build\src\glfw.dir\debug\glfw.tlog\cl.write.1.tlog
h:\csc305\a3\build\_deps\glfw-build\src\glfw.dir\debug\glfw.tlog\cl.command.1.tlog
h:\csc305\a3\build\_deps\glfw-build\src\glfw.dir\debug\glfw.tlog\lib-link.read.1.tlog
h:\csc305\a3\build\_deps\glfw-build\src\glfw.dir\debug\glfw.tlog\lib-link.write.1.tlog
h:\csc305\a3\build\_deps\glfw-build\src\glfw.dir\debug\glfw.tlog\lib.command.1.tlog
