h:\csc305\a3\build\_deps\glfw-build\src\cmakefiles\generate.stamp
h:\csc305\a3\build\_deps\glfw-build\src\glfw.dir\release\osmesa_context.obj
h:\csc305\a3\build\_deps\glfw-build\src\glfw.dir\release\egl_context.obj
h:\csc305\a3\build\_deps\glfw-build\src\glfw.dir\release\wgl_context.obj
h:\csc305\a3\build\_deps\glfw-build\src\glfw.dir\release\win32_window.obj
h:\csc305\a3\build\_deps\glfw-build\src\glfw.dir\release\win32_thread.obj
h:\csc305\a3\build\_deps\glfw-build\src\glfw.dir\release\win32_time.obj
h:\csc305\a3\build\_deps\glfw-build\src\glfw.dir\release\win32_monitor.obj
h:\csc305\a3\build\_deps\glfw-build\src\glfw.dir\release\win32_joystick.obj
h:\csc305\a3\build\_deps\glfw-build\src\glfw.dir\release\win32_init.obj
h:\csc305\a3\build\_deps\glfw-build\src\glfw.dir\release\window.obj
h:\csc305\a3\build\_deps\glfw-build\src\glfw.dir\release\vulkan.obj
h:\csc305\a3\build\_deps\glfw-build\src\glfw.dir\release\monitor.obj
h:\csc305\a3\build\_deps\glfw-build\src\glfw.dir\release\input.obj
h:\csc305\a3\build\_deps\glfw-build\src\glfw.dir\release\init.obj
h:\csc305\a3\build\_deps\glfw-build\src\glfw.dir\release\context.obj
h:\csc305\a3\build\_deps\glfw-build\src\release\glfw3.lib
h:\csc305\a3\build\_deps\glfw-build\src\glfw.dir\release\glfw.tlog\custombuild.command.1.tlog
h:\csc305\a3\build\_deps\glfw-build\src\glfw.dir\release\glfw.tlog\custombuild.read.1.tlog
h:\csc305\a3\build\_deps\glfw-build\src\glfw.dir\release\glfw.tlog\custombuild.write.1.tlog
h:\csc305\a3\build\_deps\glfw-build\src\glfw.dir\release\glfw.tlog\cl.read.1.tlog
h:\csc305\a3\build\_deps\glfw-build\src\glfw.dir\release\glfw.tlog\cl.write.1.tlog
h:\csc305\a3\build\_deps\glfw-build\src\glfw.dir\release\glfw.tlog\cl.command.1.tlog
h:\csc305\a3\build\_deps\glfw-build\src\glfw.dir\release\glfw.tlog\lib-link.read.1.tlog
h:\csc305\a3\build\_deps\glfw-build\src\glfw.dir\release\glfw.tlog\lib-link.write.1.tlog
h:\csc305\a3\build\_deps\glfw-build\src\glfw.dir\release\glfw.tlog\lib.command.1.tlog
