h:\csc305\a1\build\_deps\atlas-build\cmakefiles\generate.stamp
h:\csc305\a1\build\_deps\atlas-build\atlas-glx.dir\debug\context.obj
h:\csc305\a1\build\_deps\atlas-build\atlas-glx.dir\debug\errorcallback.obj
h:\csc305\a1\build\_deps\atlas-build\atlas-glx.dir\debug\glsl.obj
h:\csc305\a1\build\_deps\atlas-build\atlas-glx.dir\debug\atlas-glx.pdb
h:\csc305\a1\build\_deps\atlas-build\debug\atlas-glx.lib
h:\csc305\a1\build\_deps\atlas-build\atlas-glx.dir\debug\nativecodeanalysis.read.1.tlog
h:\csc305\a1\build\_deps\atlas-build\atlas-glx.dir\debug\atlas-glx.idb
h:\csc305\a1\build\_deps\atlas-build\atlas-glx.dir\debug\glsl.nativecodeanalysis.xml
h:\csc305\a1\build\_deps\atlas-build\atlas-glx.dir\debug\context.nativecodeanalysis.xml
h:\csc305\a1\build\_deps\atlas-build\atlas-glx.dir\debug\errorcallback.nativecodeanalysis.xml
h:\csc305\a1\build\_deps\atlas-build\atlas-glx.dir\debug\vc.nativecodeanalysis.all.xml
h:\csc305\a1\build\_deps\atlas-build\debug\atlas-glx.pdb
h:\csc305\a1\build\_deps\atlas-build\atlas-glx.dir\debug\atlas-glx.tlog\custombuild.command.1.tlog
h:\csc305\a1\build\_deps\atlas-build\atlas-glx.dir\debug\atlas-glx.tlog\custombuild.read.1.tlog
h:\csc305\a1\build\_deps\atlas-build\atlas-glx.dir\debug\atlas-glx.tlog\custombuild.write.1.tlog
h:\csc305\a1\build\_deps\atlas-build\atlas-glx.dir\debug\atlas-glx.tlog\lib-link.read.1.tlog
h:\csc305\a1\build\_deps\atlas-build\atlas-glx.dir\debug\atlas-glx.tlog\cl.7696.write.1.tlog
h:\csc305\a1\build\_deps\atlas-build\atlas-glx.dir\debug\atlas-glx.tlog\lib-link.write.1.tlog
h:\csc305\a1\build\_deps\atlas-build\atlas-glx.dir\debug\atlas-glx.tlog\lib.command.1.tlog
h:\csc305\a1\build\_deps\atlas-build\atlas-glx.dir\debug\atlas-glx.tlog\cl.read.1.tlog
h:\csc305\a1\build\_deps\atlas-build\atlas-glx.dir\debug\atlas-glx.tlog\cl.command.1.tlog
