h:\csc305\a2\build\cmakefiles\generate.stamp
h:\csc305\a2\build\_deps\atlas-build\cmakefiles\generate.stamp
h:\csc305\a2\build\_deps\atlas-build\external\imgui\cmakefiles\generate.stamp
h:\csc305\a2\build\_deps\atlas-build\external\stb\cmakefiles\generate.stamp
h:\csc305\a2\build\_deps\atlas-build\include\atlas\cmakefiles\generate.stamp
h:\csc305\a2\build\_deps\atlas-build\include\atlas\core\cmakefiles\generate.stamp
h:\csc305\a2\build\_deps\atlas-build\include\atlas\math\cmakefiles\generate.stamp
h:\csc305\a2\build\_deps\atlas-build\include\atlas\glx\cmakefiles\generate.stamp
h:\csc305\a2\build\_deps\atlas-build\include\atlas\gui\cmakefiles\generate.stamp
h:\csc305\a2\build\_deps\atlas-build\include\atlas\hlr\cmakefiles\generate.stamp
h:\csc305\a2\build\_deps\atlas-build\include\atlas\utils\cmakefiles\generate.stamp
h:\csc305\a2\build\_deps\atlas-build\source\atlas\cmakefiles\generate.stamp
h:\csc305\a2\build\_deps\atlas-build\source\atlas\glx\cmakefiles\generate.stamp
h:\csc305\a2\build\_deps\atlas-build\source\atlas\gui\cmakefiles\generate.stamp
h:\csc305\a2\build\_deps\atlas-build\source\atlas\hlr\cmakefiles\generate.stamp
h:\csc305\a2\build\_deps\atlas-build\source\atlas\utils\cmakefiles\generate.stamp
h:\csc305\a2\build\_deps\fmt-build\cmakefiles\generate.stamp
h:\csc305\a2\build\_deps\magic_enum-build\cmakefiles\generate.stamp
h:\csc305\a2\build\_deps\glm-build\cmakefiles\generate.stamp
h:\csc305\a2\build\_deps\glm-build\glm\cmakefiles\generate.stamp
h:\csc305\a2\build\_deps\glfw-build\cmakefiles\generate.stamp
h:\csc305\a2\build\_deps\glfw-build\src\cmakefiles\generate.stamp
h:\csc305\a2\build\_deps\glfw-build\examples\cmakefiles\generate.stamp
h:\csc305\a2\build\_deps\glfw-build\tests\cmakefiles\generate.stamp
h:\csc305\a2\build\_deps\gl3w-build\cmakefiles\generate.stamp
h:\csc305\a2\build\_deps\tinyobjloader-build\cmakefiles\generate.stamp
h:\csc305\a2\build\_deps\catch2-build\cmakefiles\generate.stamp
h:\csc305\a2\build\_deps\atlas-build\test\cmakefiles\generate.stamp
h:\csc305\a2\build\_deps\atlas-build\examples\cmakefiles\generate.stamp
h:\csc305\a2\build\_deps\atlas-build\examples\hello_triangle\cmakefiles\generate.stamp
h:\csc305\a2\build\_deps\atlas-build\examples\hello_shader\cmakefiles\generate.stamp
h:\csc305\a2\build\x64\release\zero_check\zero_check.tlog\custombuild.command.1.tlog
h:\csc305\a2\build\x64\release\zero_check\zero_check.tlog\custombuild.read.1.tlog
h:\csc305\a2\build\x64\release\zero_check\zero_check.tlog\custombuild.write.1.tlog
