h:\csc305\a1\build\_deps\atlas-build\cmakefiles\generate.stamp
h:\csc305\a1\build\_deps\atlas-build\atlas-utils.dir\debug\tinyobjloader.nativecodeanalysis.sarif
h:\csc305\a1\build\_deps\atlas-build\atlas-utils.dir\debug\tinyobjloader.nativecodeanalysis.xml
h:\csc305\a1\build\_deps\atlas-build\atlas-utils.dir\debug\tinyobjloader.obj
h:\csc305\a1\build\_deps\atlas-build\atlas-utils.dir\debug\cameras.nativecodeanalysis.sarif
h:\csc305\a1\build\_deps\atlas-build\atlas-utils.dir\debug\cameras.nativecodeanalysis.xml
h:\csc305\a1\build\_deps\atlas-build\atlas-utils.dir\debug\cameras.obj
h:\csc305\a1\build\_deps\atlas-build\atlas-utils.dir\debug\loadobjfile.nativecodeanalysis.sarif
h:\csc305\a1\build\_deps\atlas-build\atlas-utils.dir\debug\loadobjfile.nativecodeanalysis.xml
h:\csc305\a1\build\_deps\atlas-build\atlas-utils.dir\debug\loadobjfile.obj
h:\csc305\a1\build\_deps\atlas-build\atlas-utils.dir\debug\atlas-utils.pdb
h:\csc305\a1\build\_deps\atlas-build\debug\atlas-utils.lib
h:\csc305\a1\build\_deps\atlas-build\atlas-utils.dir\debug\nativecodeanalysis.read.1.tlog
h:\csc305\a1\build\_deps\atlas-build\atlas-utils.dir\debug\atlas-utils.idb
h:\csc305\a1\build\_deps\atlas-build\atlas-utils.dir\debug\vc.nativecodeanalysis.all.xml
h:\csc305\a1\build\_deps\atlas-build\debug\atlas-utils.pdb
h:\csc305\a1\build\_deps\atlas-build\atlas-utils.dir\debug\atlas-utils.tlog\custombuild.command.1.tlog
h:\csc305\a1\build\_deps\atlas-build\atlas-utils.dir\debug\atlas-utils.tlog\custombuild.read.1.tlog
h:\csc305\a1\build\_deps\atlas-build\atlas-utils.dir\debug\atlas-utils.tlog\custombuild.write.1.tlog
h:\csc305\a1\build\_deps\atlas-build\atlas-utils.dir\debug\atlas-utils.tlog\lib-link.read.1.tlog
h:\csc305\a1\build\_deps\atlas-build\atlas-utils.dir\debug\atlas-utils.tlog\cl.7876.write.1.tlog
h:\csc305\a1\build\_deps\atlas-build\atlas-utils.dir\debug\atlas-utils.tlog\lib-link.write.1.tlog
h:\csc305\a1\build\_deps\atlas-build\atlas-utils.dir\debug\atlas-utils.tlog\lib.command.1.tlog
h:\csc305\a1\build\_deps\atlas-build\atlas-utils.dir\debug\atlas-utils.tlog\cl.read.1.tlog
h:\csc305\a1\build\_deps\atlas-build\atlas-utils.dir\debug\atlas-utils.tlog\cl.command.1.tlog
