h:\csc305\a1\build\_deps\fmt-build\cmakefiles\generate.stamp
h:\csc305\a1\build\_deps\fmt-build\fmt.dir\debug\fmt.pdb
h:\csc305\a1\build\_deps\fmt-build\fmt.dir\debug\posix.nativecodeanalysis.sarif
h:\csc305\a1\build\_deps\fmt-build\fmt.dir\debug\posix.nativecodeanalysis.xml
h:\csc305\a1\build\_deps\fmt-build\fmt.dir\debug\format.nativecodeanalysis.sarif
h:\csc305\a1\build\_deps\fmt-build\fmt.dir\debug\format.nativecodeanalysis.xml
h:\csc305\a1\build\_deps\fmt-build\fmt.dir\debug\format.obj
h:\csc305\a1\build\_deps\fmt-build\fmt.dir\debug\posix.obj
h:\csc305\a1\build\_deps\fmt-build\debug\fmtd.lib
h:\csc305\a1\build\_deps\fmt-build\fmt.dir\debug\nativecodeanalysis.read.1.tlog
h:\csc305\a1\build\_deps\fmt-build\fmt.dir\debug\vc.nativecodeanalysis.all.xml
h:\csc305\a1\build\_deps\fmt-build\fmt.dir\debug\fmt.tlog\custombuild.command.1.tlog
h:\csc305\a1\build\_deps\fmt-build\fmt.dir\debug\fmt.tlog\custombuild.read.1.tlog
h:\csc305\a1\build\_deps\fmt-build\fmt.dir\debug\fmt.tlog\custombuild.write.1.tlog
h:\csc305\a1\build\_deps\fmt-build\fmt.dir\debug\fmt.tlog\cl.read.1.tlog
h:\csc305\a1\build\_deps\fmt-build\fmt.dir\debug\fmt.tlog\cl.write.1.tlog
h:\csc305\a1\build\_deps\fmt-build\fmt.dir\debug\fmt.tlog\cl.command.1.tlog
h:\csc305\a1\build\_deps\fmt-build\fmt.dir\debug\fmt.tlog\lib-link.read.1.tlog
h:\csc305\a1\build\_deps\fmt-build\fmt.dir\debug\fmt.tlog\lib-link.write.1.tlog
h:\csc305\a1\build\_deps\fmt-build\fmt.dir\debug\fmt.tlog\lib.command.1.tlog
